<testExecutions version="1">
<file path="modules\health\controller\health.controller.spec.ts">
<testCase name="HealthController GET /health Should be defined" duration="23" />
<testCase name="HealthController GET /health should return 200" duration="4" />
</file>
<file path="shared\tests\exceptions.service.spec.ts">
<testCase name="ExceptionsService should be defined" duration="23" />
<testCase name="ExceptionsService should throw a ForbiddenException" duration="23" />
<testCase name="ExceptionsService should throw a NotFoundException" duration="7" />
<testCase name="ExceptionsService should throw an InternalServerErrorException" duration="3" />
<testCase name="ExceptionsService should throw a BadRequestException" duration="3" />
</file>
<file path="modules\payment\tests\payment-gateway.spec.ts">
<testCase name="PaymentGateway should be defined" duration="39" />
<testCase name="PaymentGateway should create a payment" duration="4" />
</file>
<file path="modules\payment\tests\initiate-payment.usecase.spec.ts">
<testCase name="InitiatePaymentUseCase should be defined" duration="4" />
<testCase name="InitiatePaymentUseCase should initiate payment" duration="2" />
<testCase name="InitiatePaymentUseCase should throw BadRequestException if orderId is missing" duration="14" />
</file>
<file path="modules\payment\tests\payment.spec.ts">
<testCase name="PaymentController should be defined" duration="5" />
<testCase name="PaymentController POST /initiate should initiate payment successfully" duration="3" />
<testCase name="PaymentController POST /initiate should handle errors" duration="10" />
</file>
<file path="modules\payment\tests\payment.module.spec.ts">
<testCase name="PaymentModule should be defined" duration="0" />
</file>
</testExecutions>